Unity Editor version:    2020.3.23f1 (c5d91304a876)
Branch:                  2020.3/staging
Build type:              Release
Batch mode:              YES
macOS version:           Version 13.0.1 (Build 22A400)
Darwin version:          22.1.0
Architecture:            x86_64
Running under Rosetta:   NO
Available memory:        16384 MB
Using pre-set license
Pro License: NO

COMMAND LINE ARGUMENTS:
/Applications/Unity/Hub/Editor/2020.3.23f1/Unity.app/Contents/MacOS/Unity
-adb2
-batchMode
-noUpm
-name
AssetImportWorker0
-projectPath
/Users/adamcerven/Documents/GitHub/vr-textdisplay/vr-textdisplay
-logFile
Logs/AssetImportWorker0.log
-srvPort
59637
Successfully changed project path to: /Users/adamcerven/Documents/GitHub/vr-textdisplay/vr-textdisplay
/Users/adamcerven/Documents/GitHub/vr-textdisplay/vr-textdisplay
Using Asset Import Pipeline V2.
Refreshing native plugins compatible for Editor in 161.34 ms, found 6 plugins.
Plugins: Couldn't open Assets/Oculus/Spatializer/Plugins/AudioPluginOculusSpatializer.bundle/Contents/MacOS/AudioPluginOculusSpatializer, error: dlopen(Assets/Oculus/Spatializer/Plugins/AudioPluginOculusSpatializer.bundle/Contents/MacOS/AudioPluginOculusSpatializer, 0x0002): Library not loaded: @rpath/libthird-party_pffft_pffft.dylib
  Referenced from: <CE136E4E-7D43-382C-A1D3-196C3170EB0E> /Users/adamcerven/Documents/GitHub/vr-textdisplay/vr-textdisplay/Assets/Oculus/Spatializer/Plugins/AudioPluginOculusSpatializer.bundle/Contents/MacOS/AudioPluginOculusSpatializer
  Reason: tried: '/Applications/Unity/Hub/Editor/2020.3.23f1/Unity.app/Contents/Frameworks/libthird-party_pffft_pffft.dylib' (no such file), '/Applications/Unity/Hub/Editor/2020.3.23f1/Unity.app/Contents/Frameworks/libthird-party_pffft_pffft.dylib' (no such file), '/System/Volumes/Preboot/Cryptexes/OS@rpath/libthird-party_pffft_pffft.dylib' (no such file), '/Applications/Unity/Hub/Editor/2020.3.23f1/Unity.app/Contents/Frameworks/libthird-party_pffft_pffft.dylib' (no such file), '/Applications/Unity/Hub/Editor/2020.3.23f1/Unity.app/Contents/Frameworks/libthird-party_pffft_pffft.dylib' (no such file), '/usr/local/lib/libthird-party_pffft_pffft.dylib' (no such file), '/usr/lib/libthird-party_pffft_pffft.dylib' (no such file, not in dyld cache)
Preloading 1 native plugins for Editor in 1.42 ms.
Initialize engine version: 2020.3.23f1 (c5d91304a876)
[Subsystems] Discovering subsystems at path /Applications/Unity/Hub/Editor/2020.3.23f1/Unity.app/Contents/Resources/UnitySubsystems
[Subsystems] Discovering subsystems at path /Users/adamcerven/Documents/GitHub/vr-textdisplay/vr-textdisplay/Assets
GfxDevice: creating device client; threaded=0
Renderer: AMD Radeon Pro 5300M OpenGL Engine
Vendor:   ATI Technologies Inc.
Version:  4.1 ATI-4.9.48
GLES:     0
 GL_ARB_blend_func_extended GL_ARB_draw_buffers_blend GL_ARB_draw_indirect GL_ARB_ES2_compatibility GL_ARB_explicit_attrib_location GL_ARB_gpu_shader_fp64 GL_ARB_gpu_shader5 GL_ARB_instanced_arrays GL_ARB_internalformat_query GL_ARB_occlusion_query2 GL_ARB_sample_shading GL_ARB_sampler_objects GL_ARB_separate_shader_objects GL_ARB_shader_bit_encoding GL_ARB_shader_subroutine GL_ARB_shading_language_include GL_ARB_tessellation_shader GL_ARB_texture_buffer_object_rgb32 GL_ARB_texture_cube_map_array GL_ARB_texture_gather GL_ARB_texture_query_lod GL_ARB_texture_rgb10_a2ui GL_ARB_texture_storage GL_ARB_texture_swizzle GL_ARB_timer_query GL_ARB_transform_feedback2 GL_ARB_transform_feedback3 GL_ARB_vertex_attrib_64bit GL_ARB_vertex_type_2_10_10_10_rev GL_ARB_viewport_array GL_EXT_debug_label GL_EXT_debug_marker GL_EXT_depth_bounds_test GL_EXT_texture_compression_s3tc GL_EXT_texture_filter_anisotropic GL_EXT_texture_mirror_clamp GL_EXT_texture_sRGB_decode GL_APPLE_client_storage GL_APPLE_container_object_shareable G
L_APPLE_flush_render GL_APPLE_object_purgeable GL_APPLE_rgb_422 GL_APPLE_row_bytes GL_APPLE_texture_range GL_ATI_texture_mirror_once GL_NV_texture_barrier
OPENGL LOG: Creating OpenGL 4.1 graphics device ; Context level  <OpenGL 4.1> ; Context handle -846917632
Shader 'Oculus/OVRMRCameraFrameLit': fallback shader 'Alpha-Diffuse' not found
Initialize mono
Mono path[0] = '/Applications/Unity/Hub/Editor/2020.3.23f1/Unity.app/Contents/Managed'
Mono path[1] = '/Applications/Unity/Hub/Editor/2020.3.23f1/Unity.app/Contents/MonoBleedingEdge/lib/mono/unityjit'
Mono config path = '/Applications/Unity/Hub/Editor/2020.3.23f1/Unity.app/Contents/MonoBleedingEdge/etc'
Using monoOptions --debugger-agent=transport=dt_socket,embedding=1,server=y,suspend=n,address=127.0.0.1:56564
Begin MonoManager ReloadAssembly
Registering precompiled unity dll's ...
Register platform support module: /Applications/Unity/Hub/Editor/2020.3.23f1/Unity.app/Contents/PlaybackEngines/MacStandaloneSupport/UnityEditor.OSXStandalone.Extensions.dll
Registered in 0.002299 seconds.
Native extension for OSXStandalone target not found
Refreshing native plugins compatible for Editor in 129.87 ms, found 6 plugins.
Plugins: Couldn't open /Users/adamcerven/Documents/GitHub/vr-textdisplay/vr-textdisplay/Assets/Oculus/Spatializer/Plugins/AudioPluginOculusSpatializer.bundle/Contents/MacOS/AudioPluginOculusSpatializer, error: dlopen(/Users/adamcerven/Documents/GitHub/vr-textdisplay/vr-textdisplay/Assets/Oculus/Spatializer/Plugins/AudioPluginOculusSpatializer.bundle/Contents/MacOS/AudioPluginOculusSpatializer, 0x0002): Library not loaded: @rpath/libthird-party_pffft_pffft.dylib
  Referenced from: <CE136E4E-7D43-382C-A1D3-196C3170EB0E> /Users/adamcerven/Documents/GitHub/vr-textdisplay/vr-textdisplay/Assets/Oculus/Spatializer/Plugins/AudioPluginOculusSpatializer.bundle/Contents/MacOS/AudioPluginOculusSpatializer
  Reason: tried: '/Applications/Unity/Hub/Editor/2020.3.23f1/Unity.app/Contents/Frameworks/libthird-party_pffft_pffft.dylib' (no such file), '/Applications/Unity/Hub/Editor/2020.3.23f1/Unity.app/Contents/Frameworks/libthird-party_pffft_pffft.dylib' (no such file), '/System/Volumes/Preboot/Cryptexes/OS@rpath/libthird-party_pffft_pffft.dylib' (no such file), '/Applications/Unity/Hub/Editor/2020.3.23f1/Unity.app/Contents/Frameworks/libthird-party_pffft_pffft.dylib' (no such file), '/Applications/Unity/Hub/Editor/2020.3.23f1/Unity.app/Contents/Frameworks/libthird-party_pffft_pffft.dylib' (no such file), '/usr/local/lib/libthird-party_pffft_pffft.dylib' (no such file), '/usr/lib/libthird-party_pffft_pffft.dylib' (no such file, not in dyld cache)
Preloading 1 native plugins for Editor in 0.70 ms.
Mono: successfully reloaded assembly
- Completed reload, in  0.737 seconds
Domain Reload Profiling:
	ReloadAssembly (737ms)
		BeginReloadAssembly (49ms)
			ExecutionOrderSort (0ms)
			DisableScriptedObjects (0ms)
			BackupInstance (0ms)
			ReleaseScriptingObjects (0ms)
			CreateAndSetChildDomain (1ms)
		EndReloadAssembly (606ms)
			LoadAssemblies (50ms)
			RebuildTransferFunctionScriptingTraits (0ms)
			SetupTypeCache (205ms)
			ReleaseScriptCaches (0ms)
			RebuildScriptCaches (37ms)
			SetupLoadedEditorAssemblies (275ms)
				LogAssemblyErrors (0ms)
				InitializePlatformSupportModulesInManaged (4ms)
				SetLoadedEditorAssemblies (0ms)
				RefreshPlugins (131ms)
				BeforeProcessingInitializeOnLoad (10ms)
				ProcessInitializeOnLoadAttributes (100ms)
				ProcessInitializeOnLoadMethodAttributes (30ms)
				AfterProcessingInitializeOnLoad (0ms)
				EditorAssembliesLoaded (0ms)
			ExecutionOrderSort2 (0ms)
			AwakeInstancesAfterBackupRestoration (0ms)
Platform modules already initialized, skipping
Registering precompiled user dll's ...
Registered in 0.015651 seconds.
Begin MonoManager ReloadAssembly
Native extension for OSXStandalone target not found
Refreshing native plugins compatible for Editor in 138.50 ms, found 6 plugins.
Plugins: Couldn't open /Users/adamcerven/Documents/GitHub/vr-textdisplay/vr-textdisplay/Assets/Oculus/Spatializer/Plugins/AudioPluginOculusSpatializer.bundle/Contents/MacOS/AudioPluginOculusSpatializer, error: dlopen(/Users/adamcerven/Documents/GitHub/vr-textdisplay/vr-textdisplay/Assets/Oculus/Spatializer/Plugins/AudioPluginOculusSpatializer.bundle/Contents/MacOS/AudioPluginOculusSpatializer, 0x0002): Library not loaded: @rpath/libthird-party_pffft_pffft.dylib
  Referenced from: <CE136E4E-7D43-382C-A1D3-196C3170EB0E> /Users/adamcerven/Documents/GitHub/vr-textdisplay/vr-textdisplay/Assets/Oculus/Spatializer/Plugins/AudioPluginOculusSpatializer.bundle/Contents/MacOS/AudioPluginOculusSpatializer
  Reason: tried: '/Applications/Unity/Hub/Editor/2020.3.23f1/Unity.app/Contents/Frameworks/libthird-party_pffft_pffft.dylib' (no such file), '/Applications/Unity/Hub/Editor/2020.3.23f1/Unity.app/Contents/Frameworks/libthird-party_pffft_pffft.dylib' (no such file), '/System/Volumes/Preboot/Cryptexes/OS@rpath/libthird-party_pffft_pffft.dylib' (no such file), '/Applications/Unity/Hub/Editor/2020.3.23f1/Unity.app/Contents/Frameworks/libthird-party_pffft_pffft.dylib' (no such file), '/Applications/Unity/Hub/Editor/2020.3.23f1/Unity.app/Contents/Frameworks/libthird-party_pffft_pffft.dylib' (no such file), '/usr/local/lib/libthird-party_pffft_pffft.dylib' (no such file), '/usr/lib/libthird-party_pffft_pffft.dylib' (no such file, not in dyld cache)
Preloading 1 native plugins for Editor in 0.78 ms.
Mono: successfully reloaded assembly
- Completed reload, in  2.085 seconds
Domain Reload Profiling:
	ReloadAssembly (2087ms)
		BeginReloadAssembly (169ms)
			ExecutionOrderSort (0ms)
			DisableScriptedObjects (5ms)
			BackupInstance (0ms)
			ReleaseScriptingObjects (0ms)
			CreateAndSetChildDomain (31ms)
		EndReloadAssembly (1832ms)
			LoadAssemblies (191ms)
			RebuildTransferFunctionScriptingTraits (0ms)
			SetupTypeCache (596ms)
			ReleaseScriptCaches (1ms)
			RebuildScriptCaches (117ms)
			SetupLoadedEditorAssemblies (794ms)
				LogAssemblyErrors (0ms)
				InitializePlatformSupportModulesInManaged (3ms)
				SetLoadedEditorAssemblies (0ms)
				RefreshPlugins (139ms)
				BeforeProcessingInitializeOnLoad (121ms)
				ProcessInitializeOnLoadAttributes (504ms)
				ProcessInitializeOnLoadMethodAttributes (24ms)
				AfterProcessingInitializeOnLoad (2ms)
				EditorAssembliesLoaded (0ms)
			ExecutionOrderSort2 (0ms)
			AwakeInstancesAfterBackupRestoration (5ms)
Platform modules already initialized, skipping
Validating Project structure ... 0.080673 seconds.
Shader import version has changed; will reimport all shaders...
Upgrading shader files ...0.173241 seconds.
Application.AssetDatabase Initial Script Refresh Start
RefreshInfo: InitialScriptRefreshV2(NoUpdateAssetOptions) scanfilter:  ... 1 filters
RefreshProfiler: Total: 0.000ms
Application.AssetDatabase Initial Script Refresh End
Application.AssetDatabase.Refresh Start
Application.AssetDatabase.Refresh End
RefreshInfo: StopAssetImportingV2(ForceSynchronousImport) scanfilter: 
RefreshProfiler: Total: 0.000ms
Shader 'Oculus/OVRMRCameraFrameLit': fallback shader 'Alpha-Diffuse' not found
Launching external process: /Applications/Unity/Hub/Editor/2020.3.23f1/Unity.app/Contents/Tools/UnityShaderCompiler
Launched and connected shader compiler UnityShaderCompiler after 0.01 seconds
Initializing Unity extensions:
2022-12-16 10:13:39.051 Unity[84564:17668581] NSEventModifierFlagFunction specified to -setKeyEquivalentModifierMask: for item <NSMenuItem: 0x7fa3d88374c0 Font Asset, ke='Command-F12'>, but is only supported for system-provided menu items; will not be used
2022-12-16 10:13:39.063 Unity[84564:17668581] NSEventModifierFlagFunction specified to -setKeyEquivalentModifierMask: for item <NSMenuItem: 0x7fa3d87698c0 Font Asset, ke='Command-F12'>, but is only supported for system-provided menu items; will not be used
========================================================================
Worker process is ready to serve import requests
Shader 'Oculus/OVRMRCameraFrameLit': fallback shader 'Alpha-Diffuse' not found
Refreshing native plugins compatible for Editor in 1.51 ms, found 6 plugins.
Plugins: Couldn't open /Users/adamcerven/Documents/GitHub/vr-textdisplay/vr-textdisplay/Assets/Oculus/Spatializer/Plugins/AudioPluginOculusSpatializer.bundle/Contents/MacOS/AudioPluginOculusSpatializer, error: dlopen(/Users/adamcerven/Documents/GitHub/vr-textdisplay/vr-textdisplay/Assets/Oculus/Spatializer/Plugins/AudioPluginOculusSpatializer.bundle/Contents/MacOS/AudioPluginOculusSpatializer, 0x0002): Library not loaded: @rpath/libthird-party_pffft_pffft.dylib
  Referenced from: <CE136E4E-7D43-382C-A1D3-196C3170EB0E> /Users/adamcerven/Documents/GitHub/vr-textdisplay/vr-textdisplay/Assets/Oculus/Spatializer/Plugins/AudioPluginOculusSpatializer.bundle/Contents/MacOS/AudioPluginOculusSpatializer
  Reason: tried: '/Applications/Unity/Hub/Editor/2020.3.23f1/Unity.app/Contents/Frameworks/libthird-party_pffft_pffft.dylib' (no such file), '/Applications/Unity/Hub/Editor/2020.3.23f1/Unity.app/Contents/Frameworks/libthird-party_pffft_pffft.dylib' (no such file), '/System/Volumes/Preboot/Cryptexes/OS@rpath/libthird-party_pffft_pffft.dylib' (no such file), '/Applications/Unity/Hub/Editor/2020.3.23f1/Unity.app/Contents/Frameworks/libthird-party_pffft_pffft.dylib' (no such file), '/Applications/Unity/Hub/Editor/2020.3.23f1/Unity.app/Contents/Frameworks/libthird-party_pffft_pffft.dylib' (no such file), '/usr/local/lib/libthird-party_pffft_pffft.dylib' (no such file), '/usr/lib/libthird-party_pffft_pffft.dylib' (no such file, not in dyld cache)
Preloading 1 native plugins for Editor in 0.77 ms.
Unloading 4792 Unused Serialized files (Serialized files now loaded: 0)
System memory in use before: 149.8 MB.
System memory in use after: 149.5 MB.

Unloading 1018 unused Assets to reduce memory usage. Loaded Objects now: 5242.
Total: 6.423422 ms (FindLiveObjects: 0.604770 ms CreateObjectMapping: 0.423597 ms MarkObjects: 4.277264 ms  DeleteObjects: 1.116581 ms)

AssetImportParameters requested are different than current active one (requested -> active):
  custom:video-decoder-ogg-theora: a1e56fd34408186e4bbccfd4996cb3dc -> 
  custom:container-muxer-webm: aa71ff27fc2769a1b78a27578f13a17b -> 
  custom:container-demuxer-webm: 4f35f7cbe854078d1ac9338744f61a02 -> 
  custom:container-demuxer-ogg: 62fdf1f143b41e24485cea50d1cbac27 -> 
  custom:video-encoder-webm-vp8: eb34c28f22e8b96e1ab97ce403110664 -> 
  custom:framework-osx-AVFoundation: e770b220cccbd017edd2c1fefb359320 -> 
  custom:video-decoder-webm-vp8: 9c59270c3fd7afecdb556c50c9e8de78 -> 
  custom:audio-decoder-ogg-vorbis: bf7c407c2cedff20999df2af8eb42d56 -> 
  custom:audio-encoder-webm-vorbis: bf7c407c2cedff20999df2af8eb42d56 -> 
========================================================================
Received Import Request.
  path: Assets/foodlabel.png
  artifactKey: Guid(c7183027db051492ebd6cd03462239de) Importer(815301076,1909f56bfc062723c751e8b465ee728b)
Start importing Assets/foodlabel.png using Guid(c7183027db051492ebd6cd03462239de) Importer(815301076,1909f56bfc062723c751e8b465ee728b) WARNING: RGBA Compressed ASTC6X6 sRGB format is not supported, decompressing texture
 -> (artifact id: 'ed070dc7c825bc5c93f6728ed12ad09a') in 0.951749 seconds 
  Import took 0.965135 seconds .

========================================================================
Received Import Request.
  Time since last request: 292.796866 seconds.
  path: Assets/Materials/foodlabel.mat
  artifactKey: Guid(2866272775cc9490a862435c247c6a1c) Importer(815301076,1909f56bfc062723c751e8b465ee728b)
Start importing Assets/Materials/foodlabel.mat using Guid(2866272775cc9490a862435c247c6a1c) Importer(815301076,1909f56bfc062723c751e8b465ee728b) WARNING: RGBA Compressed ASTC6X6 sRGB format is not supported, decompressing texture
 -> (artifact id: '50abe04a2da6c5704f674621626073ba') in 0.307280 seconds 
  Import took 0.325787 seconds .

========================================================================
Received Import Request.
  Time since last request: 7.878139 seconds.
  path: Assets/Materials/Hands.mat
  artifactKey: Guid(713b367adad2a4bff9541d4f5fd774cb) Importer(815301076,1909f56bfc062723c751e8b465ee728b)
Start importing Assets/Materials/Hands.mat using Guid(713b367adad2a4bff9541d4f5fd774cb) Importer(815301076,1909f56bfc062723c751e8b465ee728b)  -> (artifact id: 'be0396878857a61b0f71e8dead19f339') in 0.012048 seconds 
  Import took 0.020760 seconds .

========================================================================
Received Import Request.
  Time since last request: 425.024581 seconds.
  path: Assets/Materials/Hands.mat
  artifactKey: Guid(713b367adad2a4bff9541d4f5fd774cb) Importer(815301076,1909f56bfc062723c751e8b465ee728b)
Start importing Assets/Materials/Hands.mat using Guid(713b367adad2a4bff9541d4f5fd774cb) Importer(815301076,1909f56bfc062723c751e8b465ee728b)  -> (artifact id: 'bd5818f44fe1c61055252a35edcc1230') in 0.055128 seconds 
  Import took 0.064219 seconds .

========================================================================
Received Prepare
Shader 'Oculus/OVRMRCameraFrameLit': fallback shader 'Alpha-Diffuse' not found
Refreshing native plugins compatible for Editor in 30.76 ms, found 6 plugins.
Plugins: Couldn't open /Users/adamcerven/Documents/GitHub/vr-textdisplay/vr-textdisplay/Assets/Oculus/Spatializer/Plugins/AudioPluginOculusSpatializer.bundle/Contents/MacOS/AudioPluginOculusSpatializer, error: dlopen(/Users/adamcerven/Documents/GitHub/vr-textdisplay/vr-textdisplay/Assets/Oculus/Spatializer/Plugins/AudioPluginOculusSpatializer.bundle/Contents/MacOS/AudioPluginOculusSpatializer, 0x0002): Library not loaded: @rpath/libthird-party_pffft_pffft.dylib
  Referenced from: <CE136E4E-7D43-382C-A1D3-196C3170EB0E> /Users/adamcerven/Documents/GitHub/vr-textdisplay/vr-textdisplay/Assets/Oculus/Spatializer/Plugins/AudioPluginOculusSpatializer.bundle/Contents/MacOS/AudioPluginOculusSpatializer
  Reason: tried: '/Applications/Unity/Hub/Editor/2020.3.23f1/Unity.app/Contents/Frameworks/libthird-party_pffft_pffft.dylib' (no such file), '/Applications/Unity/Hub/Editor/2020.3.23f1/Unity.app/Contents/Frameworks/libthird-party_pffft_pffft.dylib' (no such file), '/System/Volumes/Preboot/Cryptexes/OS@rpath/libthird-party_pffft_pffft.dylib' (no such file), '/Applications/Unity/Hub/Editor/2020.3.23f1/Unity.app/Contents/Frameworks/libthird-party_pffft_pffft.dylib' (no such file), '/Applications/Unity/Hub/Editor/2020.3.23f1/Unity.app/Contents/Frameworks/libthird-party_pffft_pffft.dylib' (no such file), '/usr/local/lib/libthird-party_pffft_pffft.dylib' (no such file), '/usr/lib/libthird-party_pffft_pffft.dylib' (no such file, not in dyld cache)
Preloading 1 native plugins for Editor in 1.38 ms.
Unloading 45 Unused Serialized files (Serialized files now loaded: 0)
System memory in use before: 232.7 MB.
System memory in use after: 233.0 MB.

Unloading 45 unused Assets to reduce memory usage. Loaded Objects now: 5283.
Total: 9.109748 ms (FindLiveObjects: 0.470354 ms CreateObjectMapping: 0.258311 ms MarkObjects: 8.318069 ms  DeleteObjects: 0.061897 ms)

AssetImportParameters requested are different than current active one (requested -> active):
  custom:video-decoder-ogg-theora: a1e56fd34408186e4bbccfd4996cb3dc -> 
  custom:container-muxer-webm: aa71ff27fc2769a1b78a27578f13a17b -> 
  custom:container-demuxer-webm: 4f35f7cbe854078d1ac9338744f61a02 -> 
  custom:container-demuxer-ogg: 62fdf1f143b41e24485cea50d1cbac27 -> 
  custom:video-encoder-webm-vp8: eb34c28f22e8b96e1ab97ce403110664 -> 
  custom:framework-osx-AVFoundation: e770b220cccbd017edd2c1fefb359320 -> 
  custom:video-decoder-webm-vp8: 9c59270c3fd7afecdb556c50c9e8de78 -> 
  custom:audio-decoder-ogg-vorbis: bf7c407c2cedff20999df2af8eb42d56 -> 
  custom:audio-encoder-webm-vorbis: bf7c407c2cedff20999df2af8eb42d56 -> 
========================================================================
Received Import Request.
  Time since last request: 930.274771 seconds.
  path: Assets/Materials/Concrete textures pack
  artifactKey: Guid(acc4d2ba56ec641afbc9f6a367677fb3) Importer(815301076,1909f56bfc062723c751e8b465ee728b)
Start importing Assets/Materials/Concrete textures pack using Guid(acc4d2ba56ec641afbc9f6a367677fb3) Importer(815301076,1909f56bfc062723c751e8b465ee728b)  -> (artifact id: '29d5873f0c68294d7250d2ebe13685f3') in 0.009305 seconds 
  Import took 0.076878 seconds .

========================================================================
Received Import Request.
  Time since last request: 0.560107 seconds.
  path: Assets/Materials/PBS Materials Variety Pack
  artifactKey: Guid(3c656c13a700848738623e8a51639f24) Importer(815301076,1909f56bfc062723c751e8b465ee728b)
Start importing Assets/Materials/PBS Materials Variety Pack using Guid(3c656c13a700848738623e8a51639f24) Importer(815301076,1909f56bfc062723c751e8b465ee728b)  -> (artifact id: '85d80fb1fdb391a4f095664e6fa8fbad') in 0.002821 seconds 
  Import took 0.013112 seconds .

========================================================================
Received Import Request.
  Time since last request: 2.547813 seconds.
  path: Assets/Materials/PBS Materials Variety Pack/Tiles
  artifactKey: Guid(0101eab762310484d813fa11b3f4fd60) Importer(815301076,1909f56bfc062723c751e8b465ee728b)
Start importing Assets/Materials/PBS Materials Variety Pack/Tiles using Guid(0101eab762310484d813fa11b3f4fd60) Importer(815301076,1909f56bfc062723c751e8b465ee728b)  -> (artifact id: '12e7916c04bd8596c3cff1587c0500b9') in 0.002396 seconds 
  Import took 0.011882 seconds .

========================================================================
Received Import Request.
  Time since last request: 0.549401 seconds.
  path: Assets/Materials/PBS Materials Variety Pack/Stone
  artifactKey: Guid(7f3afc073289e4f4483d96225fe7d47a) Importer(815301076,1909f56bfc062723c751e8b465ee728b)
Start importing Assets/Materials/PBS Materials Variety Pack/Stone using Guid(7f3afc073289e4f4483d96225fe7d47a) Importer(815301076,1909f56bfc062723c751e8b465ee728b)  -> (artifact id: 'a9b977abef21502b29b44bf9972ffefe') in 0.002175 seconds 
  Import took 0.011537 seconds .

========================================================================
Received Import Request.
  Time since last request: 0.470711 seconds.
  path: Assets/Materials/PBS Materials Variety Pack/Tiles/Tile 2.mat
  artifactKey: Guid(8f6f9b3ffeb5f8943842a4e2d73561fe) Importer(815301076,1909f56bfc062723c751e8b465ee728b)
Start importing Assets/Materials/PBS Materials Variety Pack/Tiles/Tile 2.mat using Guid(8f6f9b3ffeb5f8943842a4e2d73561fe) Importer(815301076,1909f56bfc062723c751e8b465ee728b) WARNING: RGBA Compressed ASTC6X6 sRGB format is not supported, decompressing texture
WARNING: RGBA Compressed ASTC6X6 UNorm format is not supported, decompressing texture
WARNING: RGBA Compressed ASTC6X6 sRGB format is not supported, decompressing texture
WARNING: RGBA Compressed ASTC6X6 sRGB format is not supported, decompressing texture
WARNING: RGBA Compressed ASTC6X6 sRGB format is not supported, decompressing texture
 -> (artifact id: '12739155fa8c5bf16c6ac6022f798723') in 0.585376 seconds 
  Import took 0.603234 seconds .

========================================================================
Received Import Request.
  Time since last request: 0.000284 seconds.
  path: Assets/Materials/PBS Materials Variety Pack/Tiles/Tile 4.mat
  artifactKey: Guid(b59e8b77aafe92a46b45ceb819fe72cd) Importer(815301076,1909f56bfc062723c751e8b465ee728b)
Start importing Assets/Materials/PBS Materials Variety Pack/Tiles/Tile 4.mat using Guid(b59e8b77aafe92a46b45ceb819fe72cd) Importer(815301076,1909f56bfc062723c751e8b465ee728b) WARNING: RGBA Compressed ASTC6X6 sRGB format is not supported, decompressing texture
WARNING: RGBA Compressed ASTC6X6 UNorm format is not supported, decompressing texture
WARNING: RGBA Compressed ASTC6X6 sRGB format is not supported, decompressing texture
WARNING: RGBA Compressed ASTC6X6 sRGB format is not supported, decompressing texture
 -> (artifact id: 'f4eaff22db5c91aeaede0390613239a4') in 0.317854 seconds 
  Import took 0.332819 seconds .

========================================================================
Received Import Request.
  Time since last request: 0.000278 seconds.
  path: Assets/Materials/PBS Materials Variety Pack/Tiles/Tile 3.mat
  artifactKey: Guid(534afe51cc7bf554fb299ee4b58c8690) Importer(815301076,1909f56bfc062723c751e8b465ee728b)
Start importing Assets/Materials/PBS Materials Variety Pack/Tiles/Tile 3.mat using Guid(534afe51cc7bf554fb299ee4b58c8690) Importer(815301076,1909f56bfc062723c751e8b465ee728b) WARNING: RGBA Compressed ASTC6X6 sRGB format is not supported, decompressing texture
WARNING: RGBA Compressed ASTC6X6 UNorm format is not supported, decompressing texture
WARNING: RGBA Compressed ASTC6X6 sRGB format is not supported, decompressing texture
WARNING: RGBA Compressed ASTC6X6 sRGB format is not supported, decompressing texture
WARNING: RGBA Compressed ASTC6X6 sRGB format is not supported, decompressing texture
 -> (artifact id: '4482230187f0227a235066abf98533a3') in 0.454364 seconds 
  Import took 0.471155 seconds .

========================================================================
Received Import Request.
  Time since last request: 8.080510 seconds.
  path: Assets/Materials/PBS Materials Variety Pack/Carpet
  artifactKey: Guid(967bea52e0a08a34a8473674d6ae9ed6) Importer(815301076,1909f56bfc062723c751e8b465ee728b)
Start importing Assets/Materials/PBS Materials Variety Pack/Carpet using Guid(967bea52e0a08a34a8473674d6ae9ed6) Importer(815301076,1909f56bfc062723c751e8b465ee728b)  -> (artifact id: '104c48bb54251bebc4a38bf346e3082b') in 0.002664 seconds 
  Import took 0.012303 seconds .

========================================================================
Received Import Request.
  Time since last request: 0.381406 seconds.
  path: Assets/Materials/PBS Materials Variety Pack/Carpet/Carpet 2.mat
  artifactKey: Guid(014db8aedb78a3b4a8cac83bd8cb6c88) Importer(815301076,1909f56bfc062723c751e8b465ee728b)
Start importing Assets/Materials/PBS Materials Variety Pack/Carpet/Carpet 2.mat using Guid(014db8aedb78a3b4a8cac83bd8cb6c88) Importer(815301076,1909f56bfc062723c751e8b465ee728b) WARNING: RGBA Compressed ASTC6X6 sRGB format is not supported, decompressing texture
WARNING: RGBA Compressed ASTC6X6 UNorm format is not supported, decompressing texture
WARNING: RGBA Compressed ASTC6X6 sRGB format is not supported, decompressing texture
WARNING: RGBA Compressed ASTC6X6 sRGB format is not supported, decompressing texture
 -> (artifact id: '51e57a3d6086f600b547717c46b1009b') in 0.192651 seconds 
  Import took 0.208738 seconds .

========================================================================
Received Import Request.
  Time since last request: 6.900017 seconds.
  path: Assets/Materials/PBS Materials Variety Pack/Wooden Boards
  artifactKey: Guid(fa2105d12ee417a4c97b56b4b63dded1) Importer(815301076,1909f56bfc062723c751e8b465ee728b)
Start importing Assets/Materials/PBS Materials Variety Pack/Wooden Boards using Guid(fa2105d12ee417a4c97b56b4b63dded1) Importer(815301076,1909f56bfc062723c751e8b465ee728b)  -> (artifact id: '392b20f1ae57825df12ff2e3416d6556') in 0.001581 seconds 
  Import took 0.011270 seconds .

========================================================================
Received Import Request.
  Time since last request: 0.435981 seconds.
  path: Assets/Materials/PBS Materials Variety Pack/Wooden Boards/Wooden Boards 3.mat
  artifactKey: Guid(a43c0f7d26d9d7a4487fa0e9c9175f17) Importer(815301076,1909f56bfc062723c751e8b465ee728b)
Start importing Assets/Materials/PBS Materials Variety Pack/Wooden Boards/Wooden Boards 3.mat using Guid(a43c0f7d26d9d7a4487fa0e9c9175f17) Importer(815301076,1909f56bfc062723c751e8b465ee728b) WARNING: RGBA Compressed ASTC6X6 sRGB format is not supported, decompressing texture
WARNING: RGBA Compressed ASTC6X6 UNorm format is not supported, decompressing texture
WARNING: RGBA Compressed ASTC6X6 sRGB format is not supported, decompressing texture
WARNING: RGBA Compressed ASTC6X6 sRGB format is not supported, decompressing texture
WARNING: RGBA Compressed ASTC6X6 sRGB format is not supported, decompressing texture
 -> (artifact id: 'ea6b857178c1133ba1cd7ae2d64f8669') in 0.410983 seconds 
  Import took 0.428541 seconds .

========================================================================
Received Import Request.
  Time since last request: 0.000243 seconds.
  path: Assets/Materials/PBS Materials Variety Pack/Wooden Boards/Wooden Boards 4.mat
  artifactKey: Guid(f6a491ce85fdc0346ba4b0622b575432) Importer(815301076,1909f56bfc062723c751e8b465ee728b)
Start importing Assets/Materials/PBS Materials Variety Pack/Wooden Boards/Wooden Boards 4.mat using Guid(f6a491ce85fdc0346ba4b0622b575432) Importer(815301076,1909f56bfc062723c751e8b465ee728b) WARNING: RGBA Compressed ASTC6X6 sRGB format is not supported, decompressing texture
WARNING: RGBA Compressed ASTC6X6 UNorm format is not supported, decompressing texture
 -> (artifact id: '1609293e899801c596fea6bb0bbabca4') in 0.148252 seconds 
  Import took 0.160155 seconds .

========================================================================
Received Import Request.
  Time since last request: 0.000296 seconds.
  path: Assets/Materials/PBS Materials Variety Pack/Wooden Boards/Wooden Boards 6.mat
  artifactKey: Guid(3fb17cf3fbc88f946bf337d7b79d7721) Importer(815301076,1909f56bfc062723c751e8b465ee728b)
Start importing Assets/Materials/PBS Materials Variety Pack/Wooden Boards/Wooden Boards 6.mat using Guid(3fb17cf3fbc88f946bf337d7b79d7721) Importer(815301076,1909f56bfc062723c751e8b465ee728b) WARNING: RGBA Compressed ASTC6X6 sRGB format is not supported, decompressing texture
WARNING: RGBA Compressed ASTC6X6 UNorm format is not supported, decompressing texture
WARNING: RGBA Compressed ASTC6X6 sRGB format is not supported, decompressing texture
WARNING: RGBA Compressed ASTC6X6 sRGB format is not supported, decompressing texture
 -> (artifact id: '2692ded33c94cdf831a0c3b97e8a90cd') in 0.166851 seconds 
  Import took 0.181294 seconds .

========================================================================
Received Import Request.
  Time since last request: 0.000305 seconds.
  path: Assets/Materials/PBS Materials Variety Pack/Wooden Boards/Wooden Boards 5.mat
  artifactKey: Guid(0bdb80eddec14c540a663c59e11512e1) Importer(815301076,1909f56bfc062723c751e8b465ee728b)
Start importing Assets/Materials/PBS Materials Variety Pack/Wooden Boards/Wooden Boards 5.mat using Guid(0bdb80eddec14c540a663c59e11512e1) Importer(815301076,1909f56bfc062723c751e8b465ee728b) WARNING: RGBA Compressed ASTC6X6 sRGB format is not supported, decompressing texture
WARNING: RGBA Compressed ASTC6X6 UNorm format is not supported, decompressing texture
WARNING: RGBA Compressed ASTC6X6 sRGB format is not supported, decompressing texture
WARNING: RGBA Compressed ASTC6X6 sRGB format is not supported, decompressing texture
 -> (artifact id: 'eb647deb58366ec26ea6783c361e195e') in 0.066946 seconds 
  Import took 0.076918 seconds .

========================================================================
Received Import Request.
  Time since last request: 12.402791 seconds.
  path: Assets/Materials/PBS Materials Variety Pack/Paint
  artifactKey: Guid(e7e2db6f49b53ee47b9ea5037ae28429) Importer(815301076,1909f56bfc062723c751e8b465ee728b)
Start importing Assets/Materials/PBS Materials Variety Pack/Paint using Guid(e7e2db6f49b53ee47b9ea5037ae28429) Importer(815301076,1909f56bfc062723c751e8b465ee728b)  -> (artifact id: '159f1298eb13eb24b208b9b19be4b2bf') in 0.001666 seconds 
  Import took 0.012604 seconds .

========================================================================
Received Import Request.
  Time since last request: 0.431946 seconds.
  path: Assets/Materials/PBS Materials Variety Pack/Paint/Paint 1.mat
  artifactKey: Guid(fcf39a428c6cbfb48b1aca53c52bb11f) Importer(815301076,1909f56bfc062723c751e8b465ee728b)
Start importing Assets/Materials/PBS Materials Variety Pack/Paint/Paint 1.mat using Guid(fcf39a428c6cbfb48b1aca53c52bb11f) Importer(815301076,1909f56bfc062723c751e8b465ee728b) WARNING: RGBA Compressed ASTC6X6 sRGB format is not supported, decompressing texture
WARNING: RGBA Compressed ASTC6X6 UNorm format is not supported, decompressing texture
WARNING: RGBA Compressed ASTC6X6 sRGB format is not supported, decompressing texture
WARNING: RGBA Compressed ASTC6X6 sRGB format is not supported, decompressing texture
 -> (artifact id: 'bd78e4f639e6c1b05d3f99a2d0cba024') in 0.191522 seconds 
  Import took 0.206687 seconds .

========================================================================
Received Import Request.
  Time since last request: 13.983397 seconds.
  path: Assets/Materials/PBS Materials Variety Pack/Brick
  artifactKey: Guid(d3f0bf92b41964c45a64e56a90619d8f) Importer(815301076,1909f56bfc062723c751e8b465ee728b)
Start importing Assets/Materials/PBS Materials Variety Pack/Brick using Guid(d3f0bf92b41964c45a64e56a90619d8f) Importer(815301076,1909f56bfc062723c751e8b465ee728b)  -> (artifact id: '720edfb5673e0c44bc34c6fdc48f623a') in 0.003357 seconds 
  Import took 0.012787 seconds .

========================================================================
Received Import Request.
  Time since last request: 0.571740 seconds.
  path: Assets/Materials/PBS Materials Variety Pack/Shingles
  artifactKey: Guid(ced154384e898314893b4c30decf26ef) Importer(815301076,1909f56bfc062723c751e8b465ee728b)
Start importing Assets/Materials/PBS Materials Variety Pack/Shingles using Guid(ced154384e898314893b4c30decf26ef) Importer(815301076,1909f56bfc062723c751e8b465ee728b)  -> (artifact id: '3b8db6529af9122591b066ac0bf02da9') in 0.001196 seconds 
  Import took 0.010704 seconds .

========================================================================
Received Import Request.
  Time since last request: 0.881788 seconds.
  path: Assets/Materials/PBS Materials Variety Pack/Brick/Brick 5.mat
  artifactKey: Guid(be1fb31c7813d794ca0bb3056f583534) Importer(815301076,1909f56bfc062723c751e8b465ee728b)
Start importing Assets/Materials/PBS Materials Variety Pack/Brick/Brick 5.mat using Guid(be1fb31c7813d794ca0bb3056f583534) Importer(815301076,1909f56bfc062723c751e8b465ee728b) WARNING: RGBA Compressed ASTC6X6 sRGB format is not supported, decompressing texture
WARNING: RGBA Compressed ASTC6X6 UNorm format is not supported, decompressing texture
WARNING: RGBA Compressed ASTC6X6 sRGB format is not supported, decompressing texture
WARNING: RGBA Compressed ASTC6X6 sRGB format is not supported, decompressing texture
 -> (artifact id: '19024dd2c44f846afdf4875e3a8d4b0f') in 0.243299 seconds 
  Import took 0.259737 seconds .

========================================================================
Received Import Request.
  Time since last request: 0.000237 seconds.
  path: Assets/Materials/PBS Materials Variety Pack/Brick/Brick 6.mat
  artifactKey: Guid(d622ad001ee5f964d97d5e52bbcb5798) Importer(815301076,1909f56bfc062723c751e8b465ee728b)
Start importing Assets/Materials/PBS Materials Variety Pack/Brick/Brick 6.mat using Guid(d622ad001ee5f964d97d5e52bbcb5798) Importer(815301076,1909f56bfc062723c751e8b465ee728b) WARNING: RGBA Compressed ASTC6X6 sRGB format is not supported, decompressing texture
WARNING: RGBA Compressed ASTC6X6 UNorm format is not supported, decompressing texture
WARNING: RGBA Compressed ASTC6X6 sRGB format is not supported, decompressing texture
WARNING: RGBA Compressed ASTC6X6 sRGB format is not supported, decompressing texture
 -> (artifact id: 'bb8dcb43aab7f28e9734b27349085429') in 0.198483 seconds 
  Import took 0.213271 seconds .

========================================================================
Received Import Request.
  Time since last request: 0.000263 seconds.
  path: Assets/Materials/PBS Materials Variety Pack/Brick/Brick 10.mat
  artifactKey: Guid(526718f8ee174804798ec72a5b8dc406) Importer(815301076,1909f56bfc062723c751e8b465ee728b)
Start importing Assets/Materials/PBS Materials Variety Pack/Brick/Brick 10.mat using Guid(526718f8ee174804798ec72a5b8dc406) Importer(815301076,1909f56bfc062723c751e8b465ee728b) WARNING: RGBA Compressed ASTC6X6 sRGB format is not supported, decompressing texture
WARNING: RGBA Compressed ASTC6X6 UNorm format is not supported, decompressing texture
WARNING: RGBA Compressed ASTC6X6 sRGB format is not supported, decompressing texture
WARNING: RGBA Compressed ASTC6X6 sRGB format is not supported, decompressing texture
 -> (artifact id: 'bd5e81846262ca8d189b193567fd13da') in 0.195635 seconds 
  Import took 0.209807 seconds .

========================================================================
Received Import Request.
  Time since last request: 0.000259 seconds.
  path: Assets/Materials/PBS Materials Variety Pack/Brick/Brick 8b.mat
  artifactKey: Guid(3c81c3df2fb1c5e4d8385669871e108d) Importer(815301076,1909f56bfc062723c751e8b465ee728b)
Start importing Assets/Materials/PBS Materials Variety Pack/Brick/Brick 8b.mat using Guid(3c81c3df2fb1c5e4d8385669871e108d) Importer(815301076,1909f56bfc062723c751e8b465ee728b) WARNING: RGBA Compressed ASTC6X6 sRGB format is not supported, decompressing texture
WARNING: RGBA Compressed ASTC6X6 UNorm format is not supported, decompressing texture
WARNING: RGBA Compressed ASTC6X6 sRGB format is not supported, decompressing texture
WARNING: RGBA Compressed ASTC6X6 sRGB format is not supported, decompressing texture
WARNING: RGBA Compressed ASTC6X6 sRGB format is not supported, decompressing texture
 -> (artifact id: '89cdd3323e8e4b714e9ddcc18a9ad98a') in 0.203782 seconds 
  Import took 0.220320 seconds .

========================================================================
Received Import Request.
  Time since last request: 0.000264 seconds.
  path: Assets/Materials/PBS Materials Variety Pack/Brick/Brick 9.mat
  artifactKey: Guid(fb25d135304ae554887d0257822703a3) Importer(815301076,1909f56bfc062723c751e8b465ee728b)
Start importing Assets/Materials/PBS Materials Variety Pack/Brick/Brick 9.mat using Guid(fb25d135304ae554887d0257822703a3) Importer(815301076,1909f56bfc062723c751e8b465ee728b) WARNING: RGBA Compressed ASTC6X6 sRGB format is not supported, decompressing texture
WARNING: RGBA Compressed ASTC6X6 UNorm format is not supported, decompressing texture
WARNING: RGBA Compressed ASTC6X6 sRGB format is not supported, decompressing texture
WARNING: RGBA Compressed ASTC6X6 sRGB format is not supported, decompressing texture
 -> (artifact id: '04bcd560a6ddb4d87a403c5990ed8b57') in 0.208817 seconds 
  Import took 0.224071 seconds .

========================================================================
Received Import Request.
  Time since last request: 0.000873 seconds.
  path: Assets/Materials/PBS Materials Variety Pack/Brick/Brick 7b.mat
  artifactKey: Guid(d0fab386a8dd61c4082a4b0e6854e791) Importer(815301076,1909f56bfc062723c751e8b465ee728b)
Start importing Assets/Materials/PBS Materials Variety Pack/Brick/Brick 7b.mat using Guid(d0fab386a8dd61c4082a4b0e6854e791) Importer(815301076,1909f56bfc062723c751e8b465ee728b) WARNING: RGBA Compressed ASTC6X6 sRGB format is not supported, decompressing texture
WARNING: RGBA Compressed ASTC6X6 UNorm format is not supported, decompressing texture
WARNING: RGBA Compressed ASTC6X6 sRGB format is not supported, decompressing texture
WARNING: RGBA Compressed ASTC6X6 sRGB format is not supported, decompressing texture
WARNING: RGBA Compressed ASTC6X6 sRGB format is not supported, decompressing texture
 -> (artifact id: '2c92f6f4f956d982327668401d0656b4') in 0.241477 seconds 
  Import took 0.257730 seconds .

========================================================================
Received Import Request.
  Time since last request: 0.000225 seconds.
  path: Assets/Materials/PBS Materials Variety Pack/Brick/Brick 7a.mat
  artifactKey: Guid(57d49a6bc5827a943bbec348151ae700) Importer(815301076,1909f56bfc062723c751e8b465ee728b)
Start importing Assets/Materials/PBS Materials Variety Pack/Brick/Brick 7a.mat using Guid(57d49a6bc5827a943bbec348151ae700) Importer(815301076,1909f56bfc062723c751e8b465ee728b) WARNING: RGBA Compressed ASTC6X6 sRGB format is not supported, decompressing texture
WARNING: RGBA Compressed ASTC6X6 UNorm format is not supported, decompressing texture
WARNING: RGBA Compressed ASTC6X6 sRGB format is not supported, decompressing texture
WARNING: RGBA Compressed ASTC6X6 sRGB format is not supported, decompressing texture
WARNING: RGBA Compressed ASTC6X6 sRGB format is not supported, decompressing texture
 -> (artifact id: '17a23453ccb8aa9084a9c2a5d1378f37') in 0.226551 seconds 
  Import took 0.243928 seconds .

========================================================================
Received Import Request.
  Time since last request: 0.000295 seconds.
  path: Assets/Materials/PBS Materials Variety Pack/Brick/Brick 8a.mat
  artifactKey: Guid(392a6ad9998f2f0418af52b33e6ea3ee) Importer(815301076,1909f56bfc062723c751e8b465ee728b)
Start importing Assets/Materials/PBS Materials Variety Pack/Brick/Brick 8a.mat using Guid(392a6ad9998f2f0418af52b33e6ea3ee) Importer(815301076,1909f56bfc062723c751e8b465ee728b) WARNING: RGBA Compressed ASTC6X6 sRGB format is not supported, decompressing texture
WARNING: RGBA Compressed ASTC6X6 UNorm format is not supported, decompressing texture
WARNING: RGBA Compressed ASTC6X6 sRGB format is not supported, decompressing texture
WARNING: RGBA Compressed ASTC6X6 sRGB format is not supported, decompressing texture
 -> (artifact id: '9b6593cd6d5df5e01fa8d202e9328813') in 0.165124 seconds 
  Import took 0.179689 seconds .

========================================================================
Received Import Request.
  Time since last request: 0.000259 seconds.
  path: Assets/Materials/PBS Materials Variety Pack/Brick/Brick 9b.mat
  artifactKey: Guid(70af8cd4bbda19440ad8d958344aae43) Importer(815301076,1909f56bfc062723c751e8b465ee728b)
Start importing Assets/Materials/PBS Materials Variety Pack/Brick/Brick 9b.mat using Guid(70af8cd4bbda19440ad8d958344aae43) Importer(815301076,1909f56bfc062723c751e8b465ee728b) WARNING: RGBA Compressed ASTC6X6 sRGB format is not supported, decompressing texture
WARNING: RGBA Compressed ASTC6X6 UNorm format is not supported, decompressing texture
WARNING: RGBA Compressed ASTC6X6 sRGB format is not supported, decompressing texture
WARNING: RGBA Compressed ASTC6X6 sRGB format is not supported, decompressing texture
 -> (artifact id: 'b6c4d7fb360cff0fea1426013985b1ec') in 0.191033 seconds 
  Import took 0.205505 seconds .

========================================================================
Received Import Request.
  Time since last request: 77.850256 seconds.
  path: Assets/Materials/PBS Materials Variety Pack/Shingles/Shingles 1.mat
  artifactKey: Guid(b0be9b80f8c2eec4e94ead847004b60f) Importer(815301076,1909f56bfc062723c751e8b465ee728b)
Start importing Assets/Materials/PBS Materials Variety Pack/Shingles/Shingles 1.mat using Guid(b0be9b80f8c2eec4e94ead847004b60f) Importer(815301076,1909f56bfc062723c751e8b465ee728b) WARNING: RGBA Compressed ASTC6X6 sRGB format is not supported, decompressing texture
WARNING: RGBA Compressed ASTC6X6 UNorm format is not supported, decompressing texture
WARNING: RGBA Compressed ASTC6X6 sRGB format is not supported, decompressing texture
WARNING: RGBA Compressed ASTC6X6 sRGB format is not supported, decompressing texture
 -> (artifact id: '5b6d2c1a96918157e9aa2450839c47a6') in 0.199230 seconds 
  Import took 0.217190 seconds .

========================================================================
Received Import Request.
  Time since last request: 0.000284 seconds.
  path: Assets/Materials/PBS Materials Variety Pack/Shingles/Shingles 2a.mat
  artifactKey: Guid(cb8f87483d4ef09459e939b57a75125b) Importer(815301076,1909f56bfc062723c751e8b465ee728b)
Start importing Assets/Materials/PBS Materials Variety Pack/Shingles/Shingles 2a.mat using Guid(cb8f87483d4ef09459e939b57a75125b) Importer(815301076,1909f56bfc062723c751e8b465ee728b) WARNING: RGBA Compressed ASTC6X6 sRGB format is not supported, decompressing texture
WARNING: RGBA Compressed ASTC6X6 UNorm format is not supported, decompressing texture
WARNING: RGBA Compressed ASTC6X6 sRGB format is not supported, decompressing texture
WARNING: RGBA Compressed ASTC6X6 sRGB format is not supported, decompressing texture
 -> (artifact id: '0a3067b7e5d2557f40b3cbaa1e0d049c') in 0.466823 seconds 
  Import took 0.482325 seconds .

========================================================================
Received Import Request.
  Time since last request: 0.000296 seconds.
  path: Assets/Materials/PBS Materials Variety Pack/Shingles/Shingles 2b.mat
  artifactKey: Guid(f8dc4c17537f92149ae681a6bd9e8925) Importer(815301076,1909f56bfc062723c751e8b465ee728b)
Start importing Assets/Materials/PBS Materials Variety Pack/Shingles/Shingles 2b.mat using Guid(f8dc4c17537f92149ae681a6bd9e8925) Importer(815301076,1909f56bfc062723c751e8b465ee728b) WARNING: RGBA Compressed ASTC6X6 sRGB format is not supported, decompressing texture
WARNING: RGBA Compressed ASTC6X6 UNorm format is not supported, decompressing texture
WARNING: RGBA Compressed ASTC6X6 sRGB format is not supported, decompressing texture
WARNING: RGBA Compressed ASTC6X6 sRGB format is not supported, decompressing texture
 -> (artifact id: '2aabb7af4a631d3139247a7a86a789fe') in 0.196559 seconds 
  Import took 0.211808 seconds .

========================================================================
Received Import Request.
  Time since last request: 76.074953 seconds.
  path: Assets/Materials/Concrete textures pack/pattern 03
  artifactKey: Guid(c8cc726f5a122492e8e5d4dcbc9f6bfd) Importer(815301076,1909f56bfc062723c751e8b465ee728b)
Start importing Assets/Materials/Concrete textures pack/pattern 03 using Guid(c8cc726f5a122492e8e5d4dcbc9f6bfd) Importer(815301076,1909f56bfc062723c751e8b465ee728b)  -> (artifact id: '5ab07be200bea72ffe4c978ab8b4ac8f') in 0.005197 seconds 
  Import took 0.014946 seconds .

========================================================================
Received Import Request.
  Time since last request: 0.445369 seconds.
  path: Assets/Materials/Concrete textures pack/pattern 03/Concrete pattern 03.mat
  artifactKey: Guid(52c9083b299dfa3479caa56bb9f0a98c) Importer(815301076,1909f56bfc062723c751e8b465ee728b)
Start importing Assets/Materials/Concrete textures pack/pattern 03/Concrete pattern 03.mat using Guid(52c9083b299dfa3479caa56bb9f0a98c) Importer(815301076,1909f56bfc062723c751e8b465ee728b) WARNING: RGBA Compressed ASTC6X6 sRGB format is not supported, decompressing texture
WARNING: RGBA Compressed ASTC6X6 UNorm format is not supported, decompressing texture
 -> (artifact id: '5215fe34a0d7d9826087f4760f0792c2') in 0.078134 seconds 
  Import took 0.088072 seconds .

========================================================================
Received Import Request.
  Time since last request: 0.000307 seconds.
  path: Assets/Materials/Concrete textures pack/pattern 03/preview.jpg
  artifactKey: Guid(f4ecf1c1e4543d14ea7d040b6ad512de) Importer(815301076,1909f56bfc062723c751e8b465ee728b)
Start importing Assets/Materials/Concrete textures pack/pattern 03/preview.jpg using Guid(f4ecf1c1e4543d14ea7d040b6ad512de) Importer(815301076,1909f56bfc062723c751e8b465ee728b) WARNING: RGBA Compressed ASTC6X6 sRGB format is not supported, decompressing texture
 -> (artifact id: '86820571df20f5ee1a0f221078bbe2e4') in 0.877872 seconds 
  Import took 0.892161 seconds .

========================================================================
Received Import Request.
  Time since last request: 0.000282 seconds.
  path: Assets/Materials/Concrete textures pack/pattern 03/normal.tga
  artifactKey: Guid(a4b3c4b19bb248240b69534d0d290fa6) Importer(815301076,1909f56bfc062723c751e8b465ee728b)
Start importing Assets/Materials/Concrete textures pack/pattern 03/normal.tga using Guid(a4b3c4b19bb248240b69534d0d290fa6) Importer(815301076,1909f56bfc062723c751e8b465ee728b) WARNING: RGBA Compressed ASTC6X6 UNorm format is not supported, decompressing texture
 -> (artifact id: '964749c13cd3258e5754b9a08f5c1e8c') in 0.759482 seconds 
  Import took 0.774363 seconds .

========================================================================
Received Import Request.
  Time since last request: 0.000250 seconds.
  path: Assets/Materials/Concrete textures pack/pattern 03/diffuse.tga
  artifactKey: Guid(a0abf4a2000b8db4b839f1a048fafbc8) Importer(815301076,1909f56bfc062723c751e8b465ee728b)
Start importing Assets/Materials/Concrete textures pack/pattern 03/diffuse.tga using Guid(a0abf4a2000b8db4b839f1a048fafbc8) Importer(815301076,1909f56bfc062723c751e8b465ee728b) WARNING: RGBA Compressed ASTC6X6 sRGB format is not supported, decompressing texture
 -> (artifact id: '79fd2141284f1f205c7d7c41d036780c') in 0.013475 seconds 
  Import took 0.022813 seconds .

