Unity Editor version:    2020.3.23f1 (c5d91304a876)
Branch:                  2020.3/staging
Build type:              Release
Batch mode:              YES
macOS version:           Version 13.0.1 (Build 22A400)
Darwin version:          22.1.0
Architecture:            x86_64
Running under Rosetta:   NO
Available memory:        16384 MB
Using pre-set license
Pro License: NO

COMMAND LINE ARGUMENTS:
/Applications/Unity/Hub/Editor/2020.3.23f1/Unity.app/Contents/MacOS/Unity
-adb2
-batchMode
-noUpm
-name
AssetImportWorker0
-projectPath
/Users/adamcerven/Documents/GitHub/vr-textdisplay/vr-textdisplay
-logFile
Logs/AssetImportWorker0.log
-srvPort
62395
Successfully changed project path to: /Users/adamcerven/Documents/GitHub/vr-textdisplay/vr-textdisplay
/Users/adamcerven/Documents/GitHub/vr-textdisplay/vr-textdisplay
Using Asset Import Pipeline V2.
Refreshing native plugins compatible for Editor in 163.84 ms, found 6 plugins.
Plugins: Couldn't open Assets/Oculus/Spatializer/Plugins/AudioPluginOculusSpatializer.bundle/Contents/MacOS/AudioPluginOculusSpatializer, error: dlopen(Assets/Oculus/Spatializer/Plugins/AudioPluginOculusSpatializer.bundle/Contents/MacOS/AudioPluginOculusSpatializer, 0x0002): Library not loaded: @rpath/libthird-party_pffft_pffft.dylib
  Referenced from: <CE136E4E-7D43-382C-A1D3-196C3170EB0E> /Users/adamcerven/Documents/GitHub/vr-textdisplay/vr-textdisplay/Assets/Oculus/Spatializer/Plugins/AudioPluginOculusSpatializer.bundle/Contents/MacOS/AudioPluginOculusSpatializer
  Reason: tried: '/Applications/Unity/Hub/Editor/2020.3.23f1/Unity.app/Contents/Frameworks/libthird-party_pffft_pffft.dylib' (no such file), '/Applications/Unity/Hub/Editor/2020.3.23f1/Unity.app/Contents/Frameworks/libthird-party_pffft_pffft.dylib' (no such file), '/System/Volumes/Preboot/Cryptexes/OS@rpath/libthird-party_pffft_pffft.dylib' (no such file), '/Applications/Unity/Hub/Editor/2020.3.23f1/Unity.app/Contents/Frameworks/libthird-party_pffft_pffft.dylib' (no such file), '/Applications/Unity/Hub/Editor/2020.3.23f1/Unity.app/Contents/Frameworks/libthird-party_pffft_pffft.dylib' (no such file), '/usr/local/lib/libthird-party_pffft_pffft.dylib' (no such file), '/usr/lib/libthird-party_pffft_pffft.dylib' (no such file, not in dyld cache)
Preloading 1 native plugins for Editor in 0.98 ms.
Initialize engine version: 2020.3.23f1 (c5d91304a876)
[Subsystems] Discovering subsystems at path /Applications/Unity/Hub/Editor/2020.3.23f1/Unity.app/Contents/Resources/UnitySubsystems
[Subsystems] Discovering subsystems at path /Users/adamcerven/Documents/GitHub/vr-textdisplay/vr-textdisplay/Assets
GfxDevice: creating device client; threaded=0
Renderer: AMD Radeon Pro 5300M OpenGL Engine
Vendor:   ATI Technologies Inc.
Version:  4.1 ATI-4.9.48
GLES:     0
 GL_ARB_blend_func_extended GL_ARB_draw_buffers_blend GL_ARB_draw_indirect GL_ARB_ES2_compatibility GL_ARB_explicit_attrib_location GL_ARB_gpu_shader_fp64 GL_ARB_gpu_shader5 GL_ARB_instanced_arrays GL_ARB_internalformat_query GL_ARB_occlusion_query2 GL_ARB_sample_shading GL_ARB_sampler_objects GL_ARB_separate_shader_objects GL_ARB_shader_bit_encoding GL_ARB_shader_subroutine GL_ARB_shading_language_include GL_ARB_tessellation_shader GL_ARB_texture_buffer_object_rgb32 GL_ARB_texture_cube_map_array GL_ARB_texture_gather GL_ARB_texture_query_lod GL_ARB_texture_rgb10_a2ui GL_ARB_texture_storage GL_ARB_texture_swizzle GL_ARB_timer_query GL_ARB_transform_feedback2 GL_ARB_transform_feedback3 GL_ARB_vertex_attrib_64bit GL_ARB_vertex_type_2_10_10_10_rev GL_ARB_viewport_array GL_EXT_debug_label GL_EXT_debug_marker GL_EXT_depth_bounds_test GL_EXT_texture_compression_s3tc GL_EXT_texture_filter_anisotropic GL_EXT_texture_mirror_clamp GL_EXT_texture_sRGB_decode GL_APPLE_client_storage GL_APPLE_container_object_shareable G
L_APPLE_flush_render GL_APPLE_object_purgeable GL_APPLE_rgb_422 GL_APPLE_row_bytes GL_APPLE_texture_range GL_ATI_texture_mirror_once GL_NV_texture_barrier
OPENGL LOG: Creating OpenGL 4.1 graphics device ; Context level  <OpenGL 4.1> ; Context handle 1635934208
Shader 'Oculus/OVRMRCameraFrameLit': fallback shader 'Alpha-Diffuse' not found
Initialize mono
Mono path[0] = '/Applications/Unity/Hub/Editor/2020.3.23f1/Unity.app/Contents/Managed'
Mono path[1] = '/Applications/Unity/Hub/Editor/2020.3.23f1/Unity.app/Contents/MonoBleedingEdge/lib/mono/unityjit'
Mono config path = '/Applications/Unity/Hub/Editor/2020.3.23f1/Unity.app/Contents/MonoBleedingEdge/etc'
Using monoOptions --debugger-agent=transport=dt_socket,embedding=1,server=y,suspend=n,address=127.0.0.1:56807
Begin MonoManager ReloadAssembly
Registering precompiled unity dll's ...
Register platform support module: /Applications/Unity/Hub/Editor/2020.3.23f1/Unity.app/Contents/PlaybackEngines/MacStandaloneSupport/UnityEditor.OSXStandalone.Extensions.dll
Registered in 0.000557 seconds.
Native extension for OSXStandalone target not found
Refreshing native plugins compatible for Editor in 138.26 ms, found 6 plugins.
Plugins: Couldn't open /Users/adamcerven/Documents/GitHub/vr-textdisplay/vr-textdisplay/Assets/Oculus/Spatializer/Plugins/AudioPluginOculusSpatializer.bundle/Contents/MacOS/AudioPluginOculusSpatializer, error: dlopen(/Users/adamcerven/Documents/GitHub/vr-textdisplay/vr-textdisplay/Assets/Oculus/Spatializer/Plugins/AudioPluginOculusSpatializer.bundle/Contents/MacOS/AudioPluginOculusSpatializer, 0x0002): Library not loaded: @rpath/libthird-party_pffft_pffft.dylib
  Referenced from: <CE136E4E-7D43-382C-A1D3-196C3170EB0E> /Users/adamcerven/Documents/GitHub/vr-textdisplay/vr-textdisplay/Assets/Oculus/Spatializer/Plugins/AudioPluginOculusSpatializer.bundle/Contents/MacOS/AudioPluginOculusSpatializer
  Reason: tried: '/Applications/Unity/Hub/Editor/2020.3.23f1/Unity.app/Contents/Frameworks/libthird-party_pffft_pffft.dylib' (no such file), '/Applications/Unity/Hub/Editor/2020.3.23f1/Unity.app/Contents/Frameworks/libthird-party_pffft_pffft.dylib' (no such file), '/System/Volumes/Preboot/Cryptexes/OS@rpath/libthird-party_pffft_pffft.dylib' (no such file), '/Applications/Unity/Hub/Editor/2020.3.23f1/Unity.app/Contents/Frameworks/libthird-party_pffft_pffft.dylib' (no such file), '/Applications/Unity/Hub/Editor/2020.3.23f1/Unity.app/Contents/Frameworks/libthird-party_pffft_pffft.dylib' (no such file), '/usr/local/lib/libthird-party_pffft_pffft.dylib' (no such file), '/usr/lib/libthird-party_pffft_pffft.dylib' (no such file, not in dyld cache)
Preloading 1 native plugins for Editor in 0.81 ms.
Mono: successfully reloaded assembly
- Completed reload, in  0.727 seconds
Domain Reload Profiling:
	ReloadAssembly (727ms)
		BeginReloadAssembly (48ms)
			ExecutionOrderSort (0ms)
			DisableScriptedObjects (0ms)
			BackupInstance (0ms)
			ReleaseScriptingObjects (0ms)
			CreateAndSetChildDomain (1ms)
		EndReloadAssembly (601ms)
			LoadAssemblies (47ms)
			RebuildTransferFunctionScriptingTraits (0ms)
			SetupTypeCache (184ms)
			ReleaseScriptCaches (0ms)
			RebuildScriptCaches (35ms)
			SetupLoadedEditorAssemblies (296ms)
				LogAssemblyErrors (0ms)
				InitializePlatformSupportModulesInManaged (4ms)
				SetLoadedEditorAssemblies (0ms)
				RefreshPlugins (139ms)
				BeforeProcessingInitializeOnLoad (12ms)
				ProcessInitializeOnLoadAttributes (112ms)
				ProcessInitializeOnLoadMethodAttributes (29ms)
				AfterProcessingInitializeOnLoad (0ms)
				EditorAssembliesLoaded (0ms)
			ExecutionOrderSort2 (0ms)
			AwakeInstancesAfterBackupRestoration (0ms)
Platform modules already initialized, skipping
Registering precompiled user dll's ...
Registered in 0.018933 seconds.
Begin MonoManager ReloadAssembly
Native extension for OSXStandalone target not found
Refreshing native plugins compatible for Editor in 136.99 ms, found 6 plugins.
Plugins: Couldn't open /Users/adamcerven/Documents/GitHub/vr-textdisplay/vr-textdisplay/Assets/Oculus/Spatializer/Plugins/AudioPluginOculusSpatializer.bundle/Contents/MacOS/AudioPluginOculusSpatializer, error: dlopen(/Users/adamcerven/Documents/GitHub/vr-textdisplay/vr-textdisplay/Assets/Oculus/Spatializer/Plugins/AudioPluginOculusSpatializer.bundle/Contents/MacOS/AudioPluginOculusSpatializer, 0x0002): Library not loaded: @rpath/libthird-party_pffft_pffft.dylib
  Referenced from: <CE136E4E-7D43-382C-A1D3-196C3170EB0E> /Users/adamcerven/Documents/GitHub/vr-textdisplay/vr-textdisplay/Assets/Oculus/Spatializer/Plugins/AudioPluginOculusSpatializer.bundle/Contents/MacOS/AudioPluginOculusSpatializer
  Reason: tried: '/Applications/Unity/Hub/Editor/2020.3.23f1/Unity.app/Contents/Frameworks/libthird-party_pffft_pffft.dylib' (no such file), '/Applications/Unity/Hub/Editor/2020.3.23f1/Unity.app/Contents/Frameworks/libthird-party_pffft_pffft.dylib' (no such file), '/System/Volumes/Preboot/Cryptexes/OS@rpath/libthird-party_pffft_pffft.dylib' (no such file), '/Applications/Unity/Hub/Editor/2020.3.23f1/Unity.app/Contents/Frameworks/libthird-party_pffft_pffft.dylib' (no such file), '/Applications/Unity/Hub/Editor/2020.3.23f1/Unity.app/Contents/Frameworks/libthird-party_pffft_pffft.dylib' (no such file), '/usr/local/lib/libthird-party_pffft_pffft.dylib' (no such file), '/usr/lib/libthird-party_pffft_pffft.dylib' (no such file, not in dyld cache)
Preloading 1 native plugins for Editor in 0.73 ms.
Mono: successfully reloaded assembly
- Completed reload, in  1.849 seconds
Domain Reload Profiling:
	ReloadAssembly (1850ms)
		BeginReloadAssembly (152ms)
			ExecutionOrderSort (0ms)
			DisableScriptedObjects (5ms)
			BackupInstance (0ms)
			ReleaseScriptingObjects (0ms)
			CreateAndSetChildDomain (26ms)
		EndReloadAssembly (1632ms)
			LoadAssemblies (99ms)
			RebuildTransferFunctionScriptingTraits (0ms)
			SetupTypeCache (505ms)
			ReleaseScriptCaches (1ms)
			RebuildScriptCaches (110ms)
			SetupLoadedEditorAssemblies (789ms)
				LogAssemblyErrors (0ms)
				InitializePlatformSupportModulesInManaged (3ms)
				SetLoadedEditorAssemblies (0ms)
				RefreshPlugins (138ms)
				BeforeProcessingInitializeOnLoad (110ms)
				ProcessInitializeOnLoadAttributes (515ms)
				ProcessInitializeOnLoadMethodAttributes (20ms)
				AfterProcessingInitializeOnLoad (2ms)
				EditorAssembliesLoaded (0ms)
			ExecutionOrderSort2 (0ms)
			AwakeInstancesAfterBackupRestoration (6ms)
Platform modules already initialized, skipping
Validating Project structure ... 0.073453 seconds.
Shader import version has changed; will reimport all shaders...
Upgrading shader files ...0.161636 seconds.
Application.AssetDatabase Initial Script Refresh Start
RefreshInfo: InitialScriptRefreshV2(NoUpdateAssetOptions) scanfilter:  ... 1 filters
RefreshProfiler: Total: 0.000ms
Application.AssetDatabase Initial Script Refresh End
Application.AssetDatabase.Refresh Start
Application.AssetDatabase.Refresh End
RefreshInfo: StopAssetImportingV2(ForceSynchronousImport) scanfilter: 
RefreshProfiler: Total: 0.000ms
Shader 'Oculus/OVRMRCameraFrameLit': fallback shader 'Alpha-Diffuse' not found
Launching external process: /Applications/Unity/Hub/Editor/2020.3.23f1/Unity.app/Contents/Tools/UnityShaderCompiler
Launched and connected shader compiler UnityShaderCompiler after 0.01 seconds
Initializing Unity extensions:
2022-12-27 10:19:03.544 Unity[37807:1451243] NSEventModifierFlagFunction specified to -setKeyEquivalentModifierMask: for item <NSMenuItem: 0x7fb16dc82ff0 Font Asset, ke='Command-F12'>, but is only supported for system-provided menu items; will not be used
2022-12-27 10:19:03.555 Unity[37807:1451243] NSEventModifierFlagFunction specified to -setKeyEquivalentModifierMask: for item <NSMenuItem: 0x7fb16d84e420 Font Asset, ke='Command-F12'>, but is only supported for system-provided menu items; will not be used
========================================================================
Worker process is ready to serve import requests
Shader 'Oculus/OVRMRCameraFrameLit': fallback shader 'Alpha-Diffuse' not found
Refreshing native plugins compatible for Editor in 2.02 ms, found 6 plugins.
Plugins: Couldn't open /Users/adamcerven/Documents/GitHub/vr-textdisplay/vr-textdisplay/Assets/Oculus/Spatializer/Plugins/AudioPluginOculusSpatializer.bundle/Contents/MacOS/AudioPluginOculusSpatializer, error: dlopen(/Users/adamcerven/Documents/GitHub/vr-textdisplay/vr-textdisplay/Assets/Oculus/Spatializer/Plugins/AudioPluginOculusSpatializer.bundle/Contents/MacOS/AudioPluginOculusSpatializer, 0x0002): Library not loaded: @rpath/libthird-party_pffft_pffft.dylib
  Referenced from: <CE136E4E-7D43-382C-A1D3-196C3170EB0E> /Users/adamcerven/Documents/GitHub/vr-textdisplay/vr-textdisplay/Assets/Oculus/Spatializer/Plugins/AudioPluginOculusSpatializer.bundle/Contents/MacOS/AudioPluginOculusSpatializer
  Reason: tried: '/Applications/Unity/Hub/Editor/2020.3.23f1/Unity.app/Contents/Frameworks/libthird-party_pffft_pffft.dylib' (no such file), '/Applications/Unity/Hub/Editor/2020.3.23f1/Unity.app/Contents/Frameworks/libthird-party_pffft_pffft.dylib' (no such file), '/System/Volumes/Preboot/Cryptexes/OS@rpath/libthird-party_pffft_pffft.dylib' (no such file), '/Applications/Unity/Hub/Editor/2020.3.23f1/Unity.app/Contents/Frameworks/libthird-party_pffft_pffft.dylib' (no such file), '/Applications/Unity/Hub/Editor/2020.3.23f1/Unity.app/Contents/Frameworks/libthird-party_pffft_pffft.dylib' (no such file), '/usr/local/lib/libthird-party_pffft_pffft.dylib' (no such file), '/usr/lib/libthird-party_pffft_pffft.dylib' (no such file, not in dyld cache)
Preloading 1 native plugins for Editor in 1.01 ms.
Unloading 4824 Unused Serialized files (Serialized files now loaded: 0)
System memory in use before: 222.9 MB.
System memory in use after: 222.7 MB.

Unloading 1042 unused Assets to reduce memory usage. Loaded Objects now: 5276.
Total: 7.743231 ms (FindLiveObjects: 0.819120 ms CreateObjectMapping: 0.469291 ms MarkObjects: 5.188957 ms  DeleteObjects: 1.264500 ms)

AssetImportParameters requested are different than current active one (requested -> active):
  custom:video-decoder-ogg-theora: a1e56fd34408186e4bbccfd4996cb3dc -> 
  custom:container-muxer-webm: aa71ff27fc2769a1b78a27578f13a17b -> 
  custom:container-demuxer-webm: 4f35f7cbe854078d1ac9338744f61a02 -> 
  custom:container-demuxer-ogg: 62fdf1f143b41e24485cea50d1cbac27 -> 
  custom:video-encoder-webm-vp8: eb34c28f22e8b96e1ab97ce403110664 -> 
  custom:framework-osx-AVFoundation: e770b220cccbd017edd2c1fefb359320 -> 
  custom:video-decoder-webm-vp8: 9c59270c3fd7afecdb556c50c9e8de78 -> 
  custom:audio-decoder-ogg-vorbis: bf7c407c2cedff20999df2af8eb42d56 -> 
  custom:audio-encoder-webm-vorbis: bf7c407c2cedff20999df2af8eb42d56 -> 
========================================================================
Received Import Request.
  path: Assets/Objects/meat-can
  artifactKey: Guid(c93a75066bb25492ab81ec948c5a3d03) Importer(815301076,1909f56bfc062723c751e8b465ee728b)
Start importing Assets/Objects/meat-can using Guid(c93a75066bb25492ab81ec948c5a3d03) Importer(815301076,1909f56bfc062723c751e8b465ee728b)  -> (artifact id: 'f92f9c881a005c1e1b9fad6cb0e097f6') in 0.008639 seconds 
  Import took 0.020814 seconds .

========================================================================
Received Import Request.
  Time since last request: 0.000294 seconds.
  path: Assets/Objects/meat-can/MeatCan.blend
  artifactKey: Guid(716b44cf8dd69458eafcba01db26e5eb) Importer(815301076,1909f56bfc062723c751e8b465ee728b)
Start importing Assets/Objects/meat-can/MeatCan.blend using Guid(716b44cf8dd69458eafcba01db26e5eb) Importer(815301076,1909f56bfc062723c751e8b465ee728b) WARNING: RGBA Compressed ASTC6X6 sRGB format is not supported, decompressing texture
WARNING: RGBA Compressed ASTC6X6 sRGB format is not supported, decompressing texture
 -> (artifact id: 'c2b5cf8c5e900f46b517f5b8fe9fb4d2') in 0.609050 seconds 
  Import took 0.624742 seconds .

========================================================================
Received Import Request.
  Time since last request: 0.000279 seconds.
  path: Assets/Objects/meat-can/MeatCan.fbx
  artifactKey: Guid(f9198d608438b402aacd689791de774b) Importer(815301076,1909f56bfc062723c751e8b465ee728b)
Start importing Assets/Objects/meat-can/MeatCan.fbx using Guid(f9198d608438b402aacd689791de774b) Importer(815301076,1909f56bfc062723c751e8b465ee728b) WARNING: RGBA Compressed ASTC6X6 sRGB format is not supported, decompressing texture
WARNING: RGBA Compressed ASTC6X6 sRGB format is not supported, decompressing texture
 -> (artifact id: '134f5e35e1c2a59c496a75cc3a22d471') in 1.017153 seconds 
  Import took 1.031731 seconds .

========================================================================
Received Import Request.
  Time since last request: 368.519440 seconds.
  path: Assets/Objects/meat-can/textures
  artifactKey: Guid(5741e31cc6bb3425e9d5fa2c018f9c64) Importer(815301076,1909f56bfc062723c751e8b465ee728b)
Start importing Assets/Objects/meat-can/textures using Guid(5741e31cc6bb3425e9d5fa2c018f9c64) Importer(815301076,1909f56bfc062723c751e8b465ee728b)  -> (artifact id: '65e656fbc192160c93555b8c0cc2a2b3') in 0.002470 seconds 
  Import took 0.012783 seconds .

========================================================================
Received Import Request.
  Time since last request: 0.010186 seconds.
  path: Assets/Objects/meat-can/textures/meat-label-1.jpg
  artifactKey: Guid(6510e4b92ddde42bb9c2f02f93aae8c2) Importer(815301076,1909f56bfc062723c751e8b465ee728b)
Start importing Assets/Objects/meat-can/textures/meat-label-1.jpg using Guid(6510e4b92ddde42bb9c2f02f93aae8c2) Importer(815301076,1909f56bfc062723c751e8b465ee728b) WARNING: RGBA Compressed ASTC6X6 sRGB format is not supported, decompressing texture
 -> (artifact id: '29642f9054a7fcfb5733ea1d5162fe73') in 0.768316 seconds 
  Import took 0.781584 seconds .

========================================================================
Received Import Request.
  Time since last request: 0.000361 seconds.
  path: Assets/Objects/meat-can/textures/meat-label-2.jpg
  artifactKey: Guid(daaa61a7694114ec29c5e87d06c00019) Importer(815301076,1909f56bfc062723c751e8b465ee728b)
Start importing Assets/Objects/meat-can/textures/meat-label-2.jpg using Guid(daaa61a7694114ec29c5e87d06c00019) Importer(815301076,1909f56bfc062723c751e8b465ee728b) WARNING: RGBA Compressed ASTC6X6 sRGB format is not supported, decompressing texture
 -> (artifact id: 'd02b9f7e83399982eea53ff62d84b4c2') in 0.031911 seconds 
  Import took 0.041781 seconds .

========================================================================
Received Import Request.
  Time since last request: 63.552421 seconds.
  path: Assets/Objects/meat-can/textures/meat-label-1 1.jpg
  artifactKey: Guid(638dbb38d573a4c39804549a3dc06a10) Importer(815301076,1909f56bfc062723c751e8b465ee728b)
Start importing Assets/Objects/meat-can/textures/meat-label-1 1.jpg using Guid(638dbb38d573a4c39804549a3dc06a10) Importer(815301076,1909f56bfc062723c751e8b465ee728b) WARNING: RGBA Compressed ASTC6X6 sRGB format is not supported, decompressing texture
 -> (artifact id: 'f4fd45a4851b21a18baf66b898aa0bfd') in 0.021275 seconds 
  Import took 0.032480 seconds .

========================================================================
Received Import Request.
  Time since last request: 6.879958 seconds.
  path: Assets/Objects/meat-can/textures/meat-label-1 1.jpg
  artifactKey: Guid(638dbb38d573a4c39804549a3dc06a10) Importer(815301076,1909f56bfc062723c751e8b465ee728b)
Start importing Assets/Objects/meat-can/textures/meat-label-1 1.jpg using Guid(638dbb38d573a4c39804549a3dc06a10) Importer(815301076,1909f56bfc062723c751e8b465ee728b) WARNING: RGBA Compressed ASTC6X6 sRGB format is not supported, decompressing texture
 -> (artifact id: 'c54063bc0eec58a041dbfc4a1e49aa6a') in 0.034995 seconds 
  Import took 0.045915 seconds .

========================================================================
Received Import Request.
  Time since last request: 306.490211 seconds.
  path: Assets/Objects/pineapple-can
  artifactKey: Guid(4ac73c023334248688daa323425a820c) Importer(815301076,1909f56bfc062723c751e8b465ee728b)
Start importing Assets/Objects/pineapple-can using Guid(4ac73c023334248688daa323425a820c) Importer(815301076,1909f56bfc062723c751e8b465ee728b)  -> (artifact id: '0869d5dc1da87c860f047ea66fd18941') in 0.001785 seconds 
  Import took 0.011398 seconds .

========================================================================
Received Import Request.
  Time since last request: 0.416356 seconds.
  path: Assets/Objects/pineapple-can/pinneaple-can.fbx
  artifactKey: Guid(e5c43691f0eab4db9a533f68a6dde074) Importer(815301076,1909f56bfc062723c751e8b465ee728b)
Start importing Assets/Objects/pineapple-can/pinneaple-can.fbx using Guid(e5c43691f0eab4db9a533f68a6dde074) Importer(815301076,1909f56bfc062723c751e8b465ee728b) WARNING: RGBA Compressed ASTC6X6 sRGB format is not supported, decompressing texture
WARNING: RGBA Compressed ASTC6X6 sRGB format is not supported, decompressing texture
 -> (artifact id: 'de69cf6556d6255b6111436b895f5da9') in 0.097428 seconds 
  Import took 0.107657 seconds .

========================================================================
Received Import Request.
  Time since last request: 147.309972 seconds.
  path: Assets/Objects/pineapple-can/textures
  artifactKey: Guid(9318a0e2ea6904836864bda29b704ee2) Importer(815301076,1909f56bfc062723c751e8b465ee728b)
Start importing Assets/Objects/pineapple-can/textures using Guid(9318a0e2ea6904836864bda29b704ee2) Importer(815301076,1909f56bfc062723c751e8b465ee728b)  -> (artifact id: '9148244c8e68756e933e4c1532996bc8') in 0.001206 seconds 
  Import took 0.011099 seconds .

========================================================================
Received Import Request.
  Time since last request: 0.419351 seconds.
  path: Assets/Objects/pineapple-can/textures/pinneaple-label-1.jpeg
  artifactKey: Guid(44aac35333125459aa47c09edf9a9d8b) Importer(815301076,1909f56bfc062723c751e8b465ee728b)
Start importing Assets/Objects/pineapple-can/textures/pinneaple-label-1.jpeg using Guid(44aac35333125459aa47c09edf9a9d8b) Importer(815301076,1909f56bfc062723c751e8b465ee728b) WARNING: RGBA Compressed ASTC6X6 sRGB format is not supported, decompressing texture
 -> (artifact id: '90dda44c4cf19169a196ce3aa1a16c49') in 0.121138 seconds 
  Import took 0.133441 seconds .

========================================================================
Received Import Request.
  Time since last request: 0.000241 seconds.
  path: Assets/Objects/pineapple-can/textures/pinneaple-label-2.jpeg
  artifactKey: Guid(5834755a502b14a77bc4b32d796accfa) Importer(815301076,1909f56bfc062723c751e8b465ee728b)
Start importing Assets/Objects/pineapple-can/textures/pinneaple-label-2.jpeg using Guid(5834755a502b14a77bc4b32d796accfa) Importer(815301076,1909f56bfc062723c751e8b465ee728b) WARNING: RGBA Compressed ASTC6X6 sRGB format is not supported, decompressing texture
 -> (artifact id: '5b6d0b5fcb4a9d73d8431662d41932c4') in 0.014252 seconds 
  Import took 0.023308 seconds .

========================================================================
Received Import Request.
  Time since last request: 2.230619 seconds.
  path: Assets/Objects/pineapple-can/textures/pinneaple-label-1 1.jpeg
  artifactKey: Guid(1d20753965d28448d8fe0acfa1cea17e) Importer(815301076,1909f56bfc062723c751e8b465ee728b)
Start importing Assets/Objects/pineapple-can/textures/pinneaple-label-1 1.jpeg using Guid(1d20753965d28448d8fe0acfa1cea17e) Importer(815301076,1909f56bfc062723c751e8b465ee728b) WARNING: RGBA Compressed ASTC6X6 sRGB format is not supported, decompressing texture
 -> (artifact id: 'e97015922061aa19c46fbe8a923a33ad') in 0.020749 seconds 
  Import took 0.029246 seconds .

========================================================================
Received Import Request.
  Time since last request: 6.162007 seconds.
  path: Assets/Objects/pineapple-can/textures/pinneaple-label-1 1.jpeg
  artifactKey: Guid(1d20753965d28448d8fe0acfa1cea17e) Importer(815301076,1909f56bfc062723c751e8b465ee728b)
Start importing Assets/Objects/pineapple-can/textures/pinneaple-label-1 1.jpeg using Guid(1d20753965d28448d8fe0acfa1cea17e) Importer(815301076,1909f56bfc062723c751e8b465ee728b) WARNING: RGBA Compressed ASTC6X6 sRGB format is not supported, decompressing texture
 -> (artifact id: '16dfb818d816306c863eed0f494da17d') in 0.016904 seconds 
  Import took 0.027094 seconds .

========================================================================
Received Import Request.
  Time since last request: 150.653023 seconds.
  path: Assets/Scenes/GroceryStore.unity
  artifactKey: Guid(7b55deeb9cda14b428bbef299650d5c0) Importer(815301076,1909f56bfc062723c751e8b465ee728b)
Start importing Assets/Scenes/GroceryStore.unity using Guid(7b55deeb9cda14b428bbef299650d5c0) Importer(815301076,1909f56bfc062723c751e8b465ee728b)  -> (artifact id: '8736b526ebb86bdcc80c445ef8a785b4') in 0.002588 seconds 
  Import took 0.012316 seconds .

========================================================================
Received Import Request.
  Time since last request: 11.437481 seconds.
  path: Assets/Scenes/Condition2.unity
  artifactKey: Guid(9a18a4823d5c542c78cb966155cfea0a) Importer(815301076,1909f56bfc062723c751e8b465ee728b)
Start importing Assets/Scenes/Condition2.unity using Guid(9a18a4823d5c542c78cb966155cfea0a) Importer(815301076,1909f56bfc062723c751e8b465ee728b)  -> (artifact id: '3b898443adaa457349014e9450671769') in 0.003732 seconds 
  Import took 0.014273 seconds .

========================================================================
Received Import Request.
  Time since last request: 22.712773 seconds.
  path: Assets/Scenes/Condition2.unity
  artifactKey: Guid(9a18a4823d5c542c78cb966155cfea0a) Importer(815301076,1909f56bfc062723c751e8b465ee728b)
Start importing Assets/Scenes/Condition2.unity using Guid(9a18a4823d5c542c78cb966155cfea0a) Importer(815301076,1909f56bfc062723c751e8b465ee728b)  -> (artifact id: '62d3ceb3bfb63c32c34497a53853c6f4') in 0.003291 seconds 
  Import took 0.012231 seconds .

AssetImportWorkerClient::OnTransportError - code=2 error=End of file
